0 info it worked if it ends with ok
1 verbose cli [ '/usr/local/Cellar/node/0.10.15/bin/node',
1 verbose cli   '/usr/local/bin/npm',
1 verbose cli   'publish' ]
2 info using npm@1.3.5
3 info using node@v0.10.15
4 verbose publish [ '.' ]
5 verbose cache add [ '.', null ]
6 verbose cache add name=undefined spec="." args=[".",null]
7 verbose parsed url { protocol: null,
7 verbose parsed url   slashes: null,
7 verbose parsed url   auth: null,
7 verbose parsed url   host: null,
7 verbose parsed url   port: null,
7 verbose parsed url   hostname: null,
7 verbose parsed url   hash: null,
7 verbose parsed url   search: null,
7 verbose parsed url   query: null,
7 verbose parsed url   pathname: '.',
7 verbose parsed url   path: '.',
7 verbose parsed url   href: '.' }
8 silly lockFile 3a52ce78- .
9 verbose lock . /Users/tvararu/.npm/3a52ce78-.lock
10 verbose tar pack [ '/Users/tvararu/tmp/npm-7234-Jvnhs-v+/1385207904472-0.592320054769516/tmp.tgz',
10 verbose tar pack   '.' ]
11 verbose tarball /Users/tvararu/tmp/npm-7234-Jvnhs-v+/1385207904472-0.592320054769516/tmp.tgz
12 verbose folder .
13 info prepublish shaorma@0.0.2
14 silly lockFile 1f1177db-tar tar://.
15 verbose lock tar://. /Users/tvararu/.npm/1f1177db-tar.lock
16 silly lockFile cc3e1eb1-904472-0-592320054769516-tmp-tgz tar:///Users/tvararu/tmp/npm-7234-Jvnhs-v+/1385207904472-0.592320054769516/tmp.tgz
17 verbose lock tar:///Users/tvararu/tmp/npm-7234-Jvnhs-v+/1385207904472-0.592320054769516/tmp.tgz /Users/tvararu/.npm/cc3e1eb1-904472-0-592320054769516-tmp-tgz.lock
18 silly lockFile 1f1177db-tar tar://.
19 silly lockFile 1f1177db-tar tar://.
20 silly lockFile cc3e1eb1-904472-0-592320054769516-tmp-tgz tar:///Users/tvararu/tmp/npm-7234-Jvnhs-v+/1385207904472-0.592320054769516/tmp.tgz
21 silly lockFile cc3e1eb1-904472-0-592320054769516-tmp-tgz tar:///Users/tvararu/tmp/npm-7234-Jvnhs-v+/1385207904472-0.592320054769516/tmp.tgz
22 verbose tar unpack /Users/tvararu/tmp/npm-7234-Jvnhs-v+/1385207904472-0.592320054769516/tmp.tgz
23 silly lockFile 2a7abe17-904472-0-592320054769516-package tar:///Users/tvararu/tmp/npm-7234-Jvnhs-v+/1385207904472-0.592320054769516/package
24 verbose lock tar:///Users/tvararu/tmp/npm-7234-Jvnhs-v+/1385207904472-0.592320054769516/package /Users/tvararu/.npm/2a7abe17-904472-0-592320054769516-package.lock
25 silly lockFile cc3e1eb1-904472-0-592320054769516-tmp-tgz tar:///Users/tvararu/tmp/npm-7234-Jvnhs-v+/1385207904472-0.592320054769516/tmp.tgz
26 verbose lock tar:///Users/tvararu/tmp/npm-7234-Jvnhs-v+/1385207904472-0.592320054769516/tmp.tgz /Users/tvararu/.npm/cc3e1eb1-904472-0-592320054769516-tmp-tgz.lock
27 silly gunzTarPerm modes [ '755', '644' ]
28 silly gunzTarPerm extractEntry package.json
29 silly gunzTarPerm extractEntry bin/shaorma
30 silly gunzTarPerm extractEntry changelod.md
31 silly gunzTarPerm extractEntry readme.md
32 silly lockFile 2a7abe17-904472-0-592320054769516-package tar:///Users/tvararu/tmp/npm-7234-Jvnhs-v+/1385207904472-0.592320054769516/package
33 silly lockFile 2a7abe17-904472-0-592320054769516-package tar:///Users/tvararu/tmp/npm-7234-Jvnhs-v+/1385207904472-0.592320054769516/package
34 silly lockFile cc3e1eb1-904472-0-592320054769516-tmp-tgz tar:///Users/tvararu/tmp/npm-7234-Jvnhs-v+/1385207904472-0.592320054769516/tmp.tgz
35 silly lockFile cc3e1eb1-904472-0-592320054769516-tmp-tgz tar:///Users/tvararu/tmp/npm-7234-Jvnhs-v+/1385207904472-0.592320054769516/tmp.tgz
36 verbose tar pack [ '/Users/tvararu/.npm/shaorma/0.0.2/package.tgz',
36 verbose tar pack   '/Users/tvararu/tmp/npm-7234-Jvnhs-v+/1385207904472-0.592320054769516/package' ]
37 verbose tarball /Users/tvararu/.npm/shaorma/0.0.2/package.tgz
38 verbose folder /Users/tvararu/tmp/npm-7234-Jvnhs-v+/1385207904472-0.592320054769516/package
39 silly lockFile 2a7abe17-904472-0-592320054769516-package tar:///Users/tvararu/tmp/npm-7234-Jvnhs-v+/1385207904472-0.592320054769516/package
40 verbose lock tar:///Users/tvararu/tmp/npm-7234-Jvnhs-v+/1385207904472-0.592320054769516/package /Users/tvararu/.npm/2a7abe17-904472-0-592320054769516-package.lock
41 silly lockFile 459f2878-ru-npm-shaorma-0-0-2-package-tgz tar:///Users/tvararu/.npm/shaorma/0.0.2/package.tgz
42 verbose lock tar:///Users/tvararu/.npm/shaorma/0.0.2/package.tgz /Users/tvararu/.npm/459f2878-ru-npm-shaorma-0-0-2-package-tgz.lock
43 silly lockFile 2a7abe17-904472-0-592320054769516-package tar:///Users/tvararu/tmp/npm-7234-Jvnhs-v+/1385207904472-0.592320054769516/package
44 silly lockFile 2a7abe17-904472-0-592320054769516-package tar:///Users/tvararu/tmp/npm-7234-Jvnhs-v+/1385207904472-0.592320054769516/package
45 silly lockFile 459f2878-ru-npm-shaorma-0-0-2-package-tgz tar:///Users/tvararu/.npm/shaorma/0.0.2/package.tgz
46 silly lockFile 459f2878-ru-npm-shaorma-0-0-2-package-tgz tar:///Users/tvararu/.npm/shaorma/0.0.2/package.tgz
47 silly lockFile 469fedb3-vararu-npm-shaorma-0-0-2-package /Users/tvararu/.npm/shaorma/0.0.2/package
48 verbose lock /Users/tvararu/.npm/shaorma/0.0.2/package /Users/tvararu/.npm/469fedb3-vararu-npm-shaorma-0-0-2-package.lock
49 silly lockFile 469fedb3-vararu-npm-shaorma-0-0-2-package /Users/tvararu/.npm/shaorma/0.0.2/package
50 silly lockFile 469fedb3-vararu-npm-shaorma-0-0-2-package /Users/tvararu/.npm/shaorma/0.0.2/package
51 verbose tar unpack /Users/tvararu/.npm/shaorma/0.0.2/package.tgz
52 silly lockFile 24abf7c9-vararu-npm-shaorma-0-0-2-package tar:///Users/tvararu/.npm/shaorma/0.0.2/package
53 verbose lock tar:///Users/tvararu/.npm/shaorma/0.0.2/package /Users/tvararu/.npm/24abf7c9-vararu-npm-shaorma-0-0-2-package.lock
54 silly lockFile 459f2878-ru-npm-shaorma-0-0-2-package-tgz tar:///Users/tvararu/.npm/shaorma/0.0.2/package.tgz
55 verbose lock tar:///Users/tvararu/.npm/shaorma/0.0.2/package.tgz /Users/tvararu/.npm/459f2878-ru-npm-shaorma-0-0-2-package-tgz.lock
56 silly gunzTarPerm modes [ '755', '644' ]
57 silly gunzTarPerm extractEntry package.json
58 silly gunzTarPerm extractEntry bin/shaorma
59 silly gunzTarPerm extractEntry changelod.md
60 silly gunzTarPerm extractEntry readme.md
61 silly lockFile 24abf7c9-vararu-npm-shaorma-0-0-2-package tar:///Users/tvararu/.npm/shaorma/0.0.2/package
62 silly lockFile 24abf7c9-vararu-npm-shaorma-0-0-2-package tar:///Users/tvararu/.npm/shaorma/0.0.2/package
63 silly lockFile 459f2878-ru-npm-shaorma-0-0-2-package-tgz tar:///Users/tvararu/.npm/shaorma/0.0.2/package.tgz
64 silly lockFile 459f2878-ru-npm-shaorma-0-0-2-package-tgz tar:///Users/tvararu/.npm/shaorma/0.0.2/package.tgz
65 verbose chmod /Users/tvararu/.npm/shaorma/0.0.2/package.tgz 644
66 verbose chown /Users/tvararu/.npm/shaorma/0.0.2/package.tgz [ 0, 20 ]
67 silly lockFile 3a52ce78- .
68 silly lockFile 3a52ce78- .
69 silly publish { name: 'shaorma',
69 silly publish   version: '0.0.2',
69 silly publish   description: 'shaorma.js is a command line utility for ordering delicious food',
69 silly publish   keywords: [ 'food', 'joke' ],
69 silly publish   bugs: { url: 'https://github.com/tvararu/shaorma/issues' },
69 silly publish   author: { name: '0xDEF' },
69 silly publish   bin: { shaorma: 'bin/shaorma' },
69 silly publish   repository: { type: 'git', url: 'git://github.com/tvararu/shaorma.git' },
69 silly publish   preferGlobal: true,
69 silly publish   readme: 'Introduction\n------------\n\nJust a joke node package.\n\nInstallation\n------------\n\nMake sure you have [node.js](http://nodejs.org/) installed, then run `npm install shaorma -g`.\n\nLicense (Public Domain)\n-------------\n\nThis is free and unencumbered software released into the public domain.\n\nAnyone is free to copy, modify, publish, use, compile, sell, or\ndistribute this software, either in source code form or as a compiled\nbinary, for any purpose, commercial or non-commercial, and by any\nmeans.\n\nIn jurisdictions that recognize copyright laws, the author or authors\nof this software dedicate any and all copyright interest in the\nsoftware to the public domain. We make this dedication for the benefit\nof the public at large and to the detriment of our heirs and\nsuccessors. We intend this dedication to be an overt act of\nrelinquishment in perpetuity of all present and future rights to this\nsoftware under copyright law.\n\nTHE SOFTWARE IS PROVIDED "AS IS", WITHOUT WARRANTY OF ANY KIND,\nEXPRESS OR IMPLIED, INCLUDING BUT NOT LIMITED TO THE WARRANTIES OF\nMERCHANTABILITY, FITNESS FOR A PARTICULAR PURPOSE AND NONINFRINGEMENT.\nIN NO EVENT SHALL THE AUTHORS BE LIABLE FOR ANY CLAIM, DAMAGES OR\nOTHER LIABILITY, WHETHER IN AN ACTION OF CONTRACT, TORT OR OTHERWISE,\nARISING FROM, OUT OF OR IN CONNECTION WITH THE SOFTWARE OR THE USE OR\nOTHER DEALINGS IN THE SOFTWARE.\n\nFor more information, please refer to <http://unlicense.org/>',
69 silly publish   readmeFilename: 'readme.md',
69 silly publish   _id: 'shaorma@0.0.2',
69 silly publish   dist: { shasum: '1a2e54b1d9c5f188a11eb7e3612027f9ad20f51d' },
69 silly publish   _from: '.' }
70 verbose url raw shaorma
71 verbose url resolving [ 'https://registry.npmjs.org/', './shaorma' ]
72 verbose url resolved https://registry.npmjs.org/shaorma
73 info trying registry request attempt 1 at 13:58:24
74 http PUT https://registry.npmjs.org/shaorma
75 http 409 https://registry.npmjs.org/shaorma
76 verbose url raw shaorma
77 verbose url resolving [ 'https://registry.npmjs.org/', './shaorma' ]
78 verbose url resolved https://registry.npmjs.org/shaorma
79 info trying registry request attempt 1 at 13:58:25
80 http GET https://registry.npmjs.org/shaorma
81 http 200 https://registry.npmjs.org/shaorma
82 error publish fail Cannot publish over existing version.
82 error publish fail Update the 'version' field in package.json and try again.
82 error publish fail
82 error publish fail If the previous version was published in error, see:
82 error publish fail     npm help unpublish
82 error publish fail
82 error publish fail To automatically increment version numbers, see:
82 error publish fail     npm help version
83 error System Darwin 13.0.0
84 error command "/usr/local/Cellar/node/0.10.15/bin/node" "/usr/local/bin/npm" "publish"
85 error cwd /Users/tvararu/Github/shaorma.js
86 error node -v v0.10.15
87 error npm -v 1.3.5
88 error code EPUBLISHCONFLICT
89 verbose exit [ 1, true ]
